[debug] [2025-06-12T03:31:54.799Z] ----------------------------------------------------------------------
[debug] [2025-06-12T03:31:54.805Z] Command:       C:\Program Files\nodejs\node.exe C:\Users\lizqu\AppData\Roaming\npm\node_modules\firebase-tools\lib\bin\firebase.js serve
[debug] [2025-06-12T03:31:54.806Z] CLI Version:   13.35.1
[debug] [2025-06-12T03:31:54.806Z] Platform:      win32
[debug] [2025-06-12T03:31:54.806Z] Node Version:  v22.14.0
[debug] [2025-06-12T03:31:54.807Z] Time:          Wed Jun 11 2025 20:31:54 GMT-0700 (hora estándar del Pacífico de México)
[debug] [2025-06-12T03:31:54.807Z] ----------------------------------------------------------------------
[debug] 
[debug] [2025-06-12T03:31:54.812Z] >>> [apiv2][query] GET https://firebase-public.firebaseio.com/cli.json [none]
[debug] [2025-06-12T03:31:55.225Z] > command requires scopes: ["email","openid","https://www.googleapis.com/auth/cloudplatformprojects.readonly","https://www.googleapis.com/auth/firebase","https://www.googleapis.com/auth/cloud-platform"]
[debug] [2025-06-12T03:31:55.226Z] > authorizing via signed-in user (ln.quiroz22@info.uas.edu.mx)
[debug] [2025-06-12T03:31:55.226Z] [iam] checking project chordbox-360a3 for permissions ["firebase.projects.get"]
[debug] [2025-06-12T03:31:55.227Z] Checked if tokens are valid: false, expires at: 1742872631712
[debug] [2025-06-12T03:31:55.228Z] Checked if tokens are valid: false, expires at: 1742872631712
[debug] [2025-06-12T03:31:55.228Z] > refreshing access token with scopes: []
[debug] [2025-06-12T03:31:55.229Z] >>> [apiv2][query] POST https://www.googleapis.com/oauth2/v3/token [none]
[debug] [2025-06-12T03:31:55.230Z] >>> [apiv2][body] POST https://www.googleapis.com/oauth2/v3/token [omitted]
[debug] [2025-06-12T03:31:55.412Z] <<< [apiv2][status] GET https://firebase-public.firebaseio.com/cli.json 200
[debug] [2025-06-12T03:31:55.412Z] <<< [apiv2][body] GET https://firebase-public.firebaseio.com/cli.json {"cloudBuildErrorAfter":1594252800000,"cloudBuildWarnAfter":1590019200000,"defaultNode10After":1594252800000,"minVersion":"3.0.5","node8DeploysDisabledAfter":1613390400000,"node8RuntimeDisabledAfter":1615809600000,"node8WarnAfter":1600128000000}
[debug] [2025-06-12T03:31:55.438Z] <<< [apiv2][status] POST https://www.googleapis.com/oauth2/v3/token 200
[debug] [2025-06-12T03:31:55.438Z] <<< [apiv2][body] POST https://www.googleapis.com/oauth2/v3/token [omitted]
[debug] [2025-06-12T03:31:55.449Z] >>> [apiv2][query] POST https://cloudresourcemanager.googleapis.com/v1/projects/chordbox-360a3:testIamPermissions [none]
[debug] [2025-06-12T03:31:55.449Z] >>> [apiv2][(partial)header] POST https://cloudresourcemanager.googleapis.com/v1/projects/chordbox-360a3:testIamPermissions x-goog-quota-user=projects/chordbox-360a3
[debug] [2025-06-12T03:31:55.449Z] >>> [apiv2][body] POST https://cloudresourcemanager.googleapis.com/v1/projects/chordbox-360a3:testIamPermissions {"permissions":["firebase.projects.get"]}
[debug] [2025-06-12T03:31:55.793Z] <<< [apiv2][status] POST https://cloudresourcemanager.googleapis.com/v1/projects/chordbox-360a3:testIamPermissions 200
[debug] [2025-06-12T03:31:55.793Z] <<< [apiv2][body] POST https://cloudresourcemanager.googleapis.com/v1/projects/chordbox-360a3:testIamPermissions {"permissions":["firebase.projects.get"]}
[debug] [2025-06-12T03:31:55.794Z] Checked if tokens are valid: true, expires at: 1749702714439
[debug] [2025-06-12T03:31:55.794Z] Checked if tokens are valid: true, expires at: 1749702714439
[debug] [2025-06-12T03:31:55.794Z] >>> [apiv2][query] GET https://cloudresourcemanager.googleapis.com/v1/projects/chordbox-360a3 [none]
[debug] [2025-06-12T03:31:55.914Z] <<< [apiv2][status] GET https://cloudresourcemanager.googleapis.com/v1/projects/chordbox-360a3 200
[debug] [2025-06-12T03:31:55.914Z] <<< [apiv2][body] GET https://cloudresourcemanager.googleapis.com/v1/projects/chordbox-360a3 {"projectNumber":"25066021446","projectId":"chordbox-360a3","lifecycleState":"ACTIVE","name":"ChordBox","labels":{"firebase":"enabled","firebase-core":"disabled"},"createTime":"2025-03-07T21:31:05.110846Z","parent":{"type":"organization","id":"709987222106"}}
[info] 
[info] === Serving from 'C:\Users\lizqu\Downloads\lizzz\ChordBox'...
[info] 
[debug] [2025-06-12T03:31:55.919Z] Checked if tokens are valid: true, expires at: 1749702714439
[debug] [2025-06-12T03:31:55.919Z] Checked if tokens are valid: true, expires at: 1749702714439
[debug] [2025-06-12T03:31:55.919Z] >>> [apiv2][query] GET https://firebasehosting.googleapis.com/v1beta1/projects/chordbox-360a3/sites 
[debug] [2025-06-12T03:31:56.789Z] <<< [apiv2][status] GET https://firebasehosting.googleapis.com/v1beta1/projects/chordbox-360a3/sites 200
[debug] [2025-06-12T03:31:56.790Z] <<< [apiv2][body] GET https://firebasehosting.googleapis.com/v1beta1/projects/chordbox-360a3/sites {"sites":[{"name":"projects/chordbox-360a3/sites/chordbox-360a3","defaultUrl":"https://chordbox-360a3.web.app","type":"DEFAULT_SITE"}]}
[debug] [2025-06-12T03:31:56.790Z] Checked if tokens are valid: true, expires at: 1749702714439
[debug] [2025-06-12T03:31:56.790Z] Checked if tokens are valid: true, expires at: 1749702714439
[debug] [2025-06-12T03:31:56.790Z] >>> [apiv2][query] GET https://firebase.googleapis.com/v1beta1/projects/chordbox-360a3/webApps/-/config [none]
[debug] [2025-06-12T03:31:57.182Z] <<< [apiv2][status] GET https://firebase.googleapis.com/v1beta1/projects/chordbox-360a3/webApps/-/config 200
[debug] [2025-06-12T03:31:57.182Z] <<< [apiv2][body] GET https://firebase.googleapis.com/v1beta1/projects/chordbox-360a3/webApps/-/config {"projectId":"chordbox-360a3","appId":"1:25066021446:web:579891ee2c9f159589a047","databaseURL":"https://chordbox-360a3-default-rtdb.firebaseio.com","storageBucket":"chordbox-360a3.firebasestorage.app","apiKey":"AIzaSyBf6pH4qUfoQNmHN4mFDYywE4_ORRo7z4w","authDomain":"chordbox-360a3.firebaseapp.com","messagingSenderId":"25066021446"}
[debug] [2025-06-12T03:31:57.190Z] Checked if tokens are valid: true, expires at: 1749702714439
[debug] [2025-06-12T03:31:57.190Z] Checked if tokens are valid: true, expires at: 1749702714439
[debug] [2025-06-12T03:31:57.191Z] >>> [apiv2][query] GET https://firebase.googleapis.com/v1beta1/projects/chordbox-360a3 [none]
[debug] [2025-06-12T03:31:57.376Z] <<< [apiv2][status] GET https://firebase.googleapis.com/v1beta1/projects/chordbox-360a3 200
[debug] [2025-06-12T03:31:57.376Z] <<< [apiv2][body] GET https://firebase.googleapis.com/v1beta1/projects/chordbox-360a3 {"projectId":"chordbox-360a3","projectNumber":"25066021446","displayName":"ChordBox","name":"projects/chordbox-360a3","resources":{"hostingSite":"chordbox-360a3","realtimeDatabaseInstance":"chordbox-360a3-default-rtdb"},"state":"ACTIVE","etag":"1_58f5e099-782d-4f2e-b31f-c31a531bef59"}
[info] +  hosting[chordbox-360a3]: Local server: http://localhost:5000 {"metadata":{"emulator":{"name":"hosting"},"message":"Local server: \u001b[4m\u001b[1mhttp://localhost:5000\u001b[22m\u001b[24m"}}
[info] i  hosting: ::1 - - [12/Jun/2025:03:32:15 +0000] "GET / HTTP/1.1" 200 - "-" "Mozilla/5.0 (Windows NT 10.0; Win64; x64) AppleWebKit/537.36 (KHTML, like Gecko) Chrome/137.0.0.0 Safari/537.36" {"metadata":{"emulator":{"name":"hosting"},"message":"::1 - - [12/Jun/2025:03:32:15 +0000] \"GET / HTTP/1.1\" 200 - \"-\" \"Mozilla/5.0 (Windows NT 10.0; Win64; x64) AppleWebKit/537.36 (KHTML, like Gecko) Chrome/137.0.0.0 Safari/537.36\""}}
[info] i  hosting: ::1 - - [12/Jun/2025:03:32:15 +0000] "GET /styles.css HTTP/1.1" 200 - "http://localhost:5000/" "Mozilla/5.0 (Windows NT 10.0; Win64; x64) AppleWebKit/537.36 (KHTML, like Gecko) Chrome/137.0.0.0 Safari/537.36" {"metadata":{"emulator":{"name":"hosting"},"message":"::1 - - [12/Jun/2025:03:32:15 +0000] \"GET /styles.css HTTP/1.1\" 200 - \"http://localhost:5000/\" \"Mozilla/5.0 (Windows NT 10.0; Win64; x64) AppleWebKit/537.36 (KHTML, like Gecko) Chrome/137.0.0.0 Safari/537.36\""}}
[info] i  hosting: ::1 - - [12/Jun/2025:03:32:16 +0000] "GET /FireBase-Config.js HTTP/1.1" 200 828 "http://localhost:5000/" "Mozilla/5.0 (Windows NT 10.0; Win64; x64) AppleWebKit/537.36 (KHTML, like Gecko) Chrome/137.0.0.0 Safari/537.36" {"metadata":{"emulator":{"name":"hosting"},"message":"::1 - - [12/Jun/2025:03:32:16 +0000] \"GET /FireBase-Config.js HTTP/1.1\" 200 828 \"http://localhost:5000/\" \"Mozilla/5.0 (Windows NT 10.0; Win64; x64) AppleWebKit/537.36 (KHTML, like Gecko) Chrome/137.0.0.0 Safari/537.36\""}}
[info] i  hosting: ::1 - - [12/Jun/2025:03:32:16 +0000] "GET /app.js HTTP/1.1" 200 - "http://localhost:5000/" "Mozilla/5.0 (Windows NT 10.0; Win64; x64) AppleWebKit/537.36 (KHTML, like Gecko) Chrome/137.0.0.0 Safari/537.36" {"metadata":{"emulator":{"name":"hosting"},"message":"::1 - - [12/Jun/2025:03:32:16 +0000] \"GET /app.js HTTP/1.1\" 200 - \"http://localhost:5000/\" \"Mozilla/5.0 (Windows NT 10.0; Win64; x64) AppleWebKit/537.36 (KHTML, like Gecko) Chrome/137.0.0.0 Safari/537.36\""}}
[info] i  hosting: ::1 - - [12/Jun/2025:03:32:16 +0000] "GET /favicon.ico HTTP/1.1" 404 - "http://localhost:5000/" "Mozilla/5.0 (Windows NT 10.0; Win64; x64) AppleWebKit/537.36 (KHTML, like Gecko) Chrome/137.0.0.0 Safari/537.36" {"metadata":{"emulator":{"name":"hosting"},"message":"::1 - - [12/Jun/2025:03:32:16 +0000] \"GET /favicon.ico HTTP/1.1\" 404 - \"http://localhost:5000/\" \"Mozilla/5.0 (Windows NT 10.0; Win64; x64) AppleWebKit/537.36 (KHTML, like Gecko) Chrome/137.0.0.0 Safari/537.36\""}}
